2024-03-03 16:52:18,443 - INFO - accessed project: Minimalistwebserver
2024-03-03 16:52:34,360 - INFO - accessed project: Rayan
2024-03-03 16:52:48,760 - INFO - new project added: sender
2024-03-03 17:23:31,242 - INFO - accessed project: Minimalistwebserver
2024-03-03 17:29:44,316 - INFO - accessed project: French-address-autocomplete
2024-03-03 17:30:38,968 - INFO - accessed project: French-address-autocomplete
2024-03-03 17:30:58,714 - INFO - accessed project: French-address-autocomplete
2024-03-03 17:31:01,553 - INFO - accessed project: Minimalistwebserver
2024-03-03 17:31:09,060 - INFO - accessed project: Minimalistwebserver
2024-03-03 17:31:43,815 - INFO - new project added: senderrdtgfdh
2024-03-03 17:31:46,790 - INFO - accessed project: Senderrdtgfdh
2024-03-03 19:10:57,121 - INFO - new project added: MinimalistWebServer
2024-03-03 19:11:13,470 - INFO - accessed project: Minimalistwebserver
2024-03-03 19:12:47,717 - INFO - new project added: MinimalistWebServer
2024-03-03 19:18:14,644 - INFO - project already exists: minimalistwebserver
2024-03-03 19:19:07,283 - INFO - project already exists: minimalistwebserver
2024-03-04 19:53:45,680 - INFO - accessed project: Minimalistwebserver
2024-03-04 19:56:47,709 - INFO - project already exists: minimalistwebserver
2024-03-04 19:58:37,304 - INFO - new project added: simple-ci
2024-03-04 20:02:13,793 - INFO - accessed project: Simple-ci
2024-03-04 20:32:46,404 - INFO - new project added: test_project
2024-03-04 20:32:50,059 - INFO - accessed project: Test_project
2024-03-04 20:33:17,066 - INFO - accessed project: Test_project
2024-03-04 20:33:17,898 - INFO - accessed project: Test_project
2024-03-04 20:33:23,244 - INFO - accessed project: Test_project
2024-03-04 20:33:24,233 - INFO - accessed project: Test_project
2024-03-04 20:33:49,675 - INFO - accessed project: Test_project
2024-03-04 20:35:08,397 - INFO - accessed project: Test_project
2024-03-04 20:35:37,436 - INFO - accessed project: Test_project
2024-03-04 20:37:46,505 - INFO - accessed project: Test_project
2024-03-04 20:37:47,105 - INFO - accessed project: Test_project
2024-03-04 20:37:48,885 - INFO - accessed project: Test_project
2024-03-04 20:37:50,168 - INFO - project deleted: Test_project
2024-03-07 09:36:13,588 - INFO - project already exists: minimalistwebserver
2024-03-07 09:36:18,898 - INFO - accessed project: Minimalistwebserver
2024-03-07 09:37:55,335 - INFO - accessed project: Minimalistwebserver
2024-03-07 09:38:59,881 - INFO - accessed project: Minimalistwebserver
2024-03-07 09:40:35,409 - INFO - accessed project: Minimalistwebserver
2024-03-07 09:41:07,384 - INFO - new project added: minimalistwebserver
2024-03-07 09:42:03,015 - INFO - accessed project: Minimalistwebserver
2024-03-07 09:48:04,583 - INFO - accessed project: Minimalistwebserver
2024-03-07 09:48:05,661 - INFO - project deleted: Minimalistwebserver
